Replace Part C? CAP_0805_.1u_250V in C:\Users\ECE_STUDENT\Documents\ECE453Project\ALTIUM\MRTRUMAN\03 POWER.SchDoc with CAP_0805_.1u_250V from schlib_truman.SchLib
Replace Part C? CAP_0805_.1u_250V in C:\Users\ECE_STUDENT\Documents\ECE453Project\ALTIUM\MRTRUMAN\03 POWER.SchDoc with CAP_0805_.1u_250V from schlib_truman.SchLib
Replace Part D? LED_RED_636nm in C:\Users\ECE_STUDENT\Documents\ECE453Project\ALTIUM\MRTRUMAN\03 POWER.SchDoc with LED_RED_636nm from schlib_truman.SchLib
Replace Part D? LED_RED_636nm in C:\Users\ECE_STUDENT\Documents\ECE453Project\ALTIUM\MRTRUMAN\03 POWER.SchDoc with LED_RED_636nm from schlib_truman.SchLib
Replace Part D? LED_RED_636nm in C:\Users\ECE_STUDENT\Documents\ECE453Project\ALTIUM\MRTRUMAN\03 POWER.SchDoc with LED_RED_636nm from schlib_truman.SchLib
Replace Part D? LED_RED_636nm in C:\Users\ECE_STUDENT\Documents\ECE453Project\ALTIUM\MRTRUMAN\03 POWER.SchDoc with LED_RED_636nm from schlib_truman.SchLib
Replace Part PWR? EJ503A in C:\Users\ECE_STUDENT\Documents\ECE453Project\ALTIUM\MRTRUMAN\03 POWER.SchDoc with EJ503A from schlib_truman.SchLib
Replace Part R? RES_0805_787 in C:\Users\ECE_STUDENT\Documents\ECE453Project\ALTIUM\MRTRUMAN\03 POWER.SchDoc with RES_0805_787 from schlib_truman.SchLib
Replace Part R? RES_0805_787 in C:\Users\ECE_STUDENT\Documents\ECE453Project\ALTIUM\MRTRUMAN\03 POWER.SchDoc with RES_0805_787 from schlib_truman.SchLib
Replace Part R? RES_0805_787 in C:\Users\ECE_STUDENT\Documents\ECE453Project\ALTIUM\MRTRUMAN\03 POWER.SchDoc with RES_0805_787 from schlib_truman.SchLib
Replace Part R? RES_0805_787 in C:\Users\ECE_STUDENT\Documents\ECE453Project\ALTIUM\MRTRUMAN\03 POWER.SchDoc with RES_0805_787 from schlib_truman.SchLib
Replace Part R? RES_0805_1.74M in C:\Users\ECE_STUDENT\Documents\ECE453Project\ALTIUM\MRTRUMAN\03 POWER.SchDoc with RES_0805_1.74M from schlib_truman.SchLib
Replace Part R? RES_0805_255K in C:\Users\ECE_STUDENT\Documents\ECE453Project\ALTIUM\MRTRUMAN\03 POWER.SchDoc with RES_0805_255K from schlib_truman.SchLib
Replace Part R? RES_0805_887K in C:\Users\ECE_STUDENT\Documents\ECE453Project\ALTIUM\MRTRUMAN\03 POWER.SchDoc with RES_0805_887K from schlib_truman.SchLib
Replace Part R? RES_0805_1.13M in C:\Users\ECE_STUDENT\Documents\ECE453Project\ALTIUM\MRTRUMAN\03 POWER.SchDoc with RES_0805_1.13M from schlib_truman.SchLib
Replace Part R? RES_0805_549K in C:\Users\ECE_STUDENT\Documents\ECE453Project\ALTIUM\MRTRUMAN\03 POWER.SchDoc with RES_0805_549K from schlib_truman.SchLib
Replace Part R? RES_0805_1.43M in C:\Users\ECE_STUDENT\Documents\ECE453Project\ALTIUM\MRTRUMAN\03 POWER.SchDoc with RES_0805_1.43M from schlib_truman.SchLib
Replace Part R? RES_0805_226K in C:\Users\ECE_STUDENT\Documents\ECE453Project\ALTIUM\MRTRUMAN\03 POWER.SchDoc with RES_0805_226K from schlib_truman.SchLib
Replace Part R? RES_0805_1.74M in C:\Users\ECE_STUDENT\Documents\ECE453Project\ALTIUM\MRTRUMAN\03 POWER.SchDoc with RES_0805_1.74M from schlib_truman.SchLib
Replace Part U2 LMZ12003 in C:\Users\ECE_STUDENT\Documents\ECE453Project\ALTIUM\MRTRUMAN\03 POWER.SchDoc with LMZ12003 from schlib_truman.SchLib
Replace Part U3 LMZ12003 in C:\Users\ECE_STUDENT\Documents\ECE453Project\ALTIUM\MRTRUMAN\03 POWER.SchDoc with LMZ12003 from schlib_truman.SchLib
Replace Part U? TPS3779BDBVR in C:\Users\ECE_STUDENT\Documents\ECE453Project\ALTIUM\MRTRUMAN\03 POWER.SchDoc with TPS3779BDBVR from schlib_truman.SchLib
Replace Part U? TPS3779BDBVR in C:\Users\ECE_STUDENT\Documents\ECE453Project\ALTIUM\MRTRUMAN\03 POWER.SchDoc with TPS3779BDBVR from schlib_truman.SchLib
