Replace Part C8 CAP_RAD_220u_25V in C:\Users\ECE_STUDENT\Documents\ECE453Project\ALTIUM\MRTRUMAN\03 POWER.SchDoc with CAP_RAD_220u_25V from schlib_truman.SchLib
Replace Part C9 CAP_RAD_220u_25V in C:\Users\ECE_STUDENT\Documents\ECE453Project\ALTIUM\MRTRUMAN\03 POWER.SchDoc with CAP_RAD_220u_25V from schlib_truman.SchLib
Replace Part C10 CAP_RAD_220u_25V in C:\Users\ECE_STUDENT\Documents\ECE453Project\ALTIUM\MRTRUMAN\03 POWER.SchDoc with CAP_RAD_220u_25V from schlib_truman.SchLib
Replace Part C11 CAP_RAD_220u_25V in C:\Users\ECE_STUDENT\Documents\ECE453Project\ALTIUM\MRTRUMAN\03 POWER.SchDoc with CAP_RAD_220u_25V from schlib_truman.SchLib
Replace Part C12 CAP_RAD_220u_25V in C:\Users\ECE_STUDENT\Documents\ECE453Project\ALTIUM\MRTRUMAN\03 POWER.SchDoc with CAP_RAD_220u_25V from schlib_truman.SchLib
Replace Part C13 CAP_RAD_220u_25V in C:\Users\ECE_STUDENT\Documents\ECE453Project\ALTIUM\MRTRUMAN\03 POWER.SchDoc with CAP_RAD_220u_25V from schlib_truman.SchLib
Replace Part C14 CAP_0805_1u_100V in C:\Users\ECE_STUDENT\Documents\ECE453Project\ALTIUM\MRTRUMAN\03 POWER.SchDoc with CAP_0805_1u_100V from schlib_truman.SchLib
Replace Part C15 CAP_0805_22u_25V in C:\Users\ECE_STUDENT\Documents\ECE453Project\ALTIUM\MRTRUMAN\03 POWER.SchDoc with CAP_0805_22u_25V from schlib_truman.SchLib
Replace Part C16 CAP_0805_1u_100V in C:\Users\ECE_STUDENT\Documents\ECE453Project\ALTIUM\MRTRUMAN\03 POWER.SchDoc with CAP_0805_1u_100V from schlib_truman.SchLib
Replace Part C17 CAP_0805_22n_100V in C:\Users\ECE_STUDENT\Documents\ECE453Project\ALTIUM\MRTRUMAN\03 POWER.SchDoc with CAP_0805_22n_100V from schlib_truman.SchLib
Replace Part C18 CAP_1210_100u_10V in C:\Users\ECE_STUDENT\Documents\ECE453Project\ALTIUM\MRTRUMAN\03 POWER.SchDoc with CAP_1210_100u_10V from schlib_truman.SchLib
Replace Part C19 CAP_0805_22n_100V in C:\Users\ECE_STUDENT\Documents\ECE453Project\ALTIUM\MRTRUMAN\03 POWER.SchDoc with CAP_0805_22n_100V from schlib_truman.SchLib
Replace Part C20 CAP_0805_.1u_250V in C:\Users\ECE_STUDENT\Documents\ECE453Project\ALTIUM\MRTRUMAN\03 POWER.SchDoc with CAP_0805_.1u_250V from schlib_truman.SchLib
Replace Part C21 CAP_0805_22n_100V in C:\Users\ECE_STUDENT\Documents\ECE453Project\ALTIUM\MRTRUMAN\03 POWER.SchDoc with CAP_0805_22n_100V from schlib_truman.SchLib
Replace Part C22 CAP_0805_10u_16V in C:\Users\ECE_STUDENT\Documents\ECE453Project\ALTIUM\MRTRUMAN\03 POWER.SchDoc with CAP_0805_10u_16V from schlib_truman.SchLib
Replace Part C23 CAP_1210_100u_10V in C:\Users\ECE_STUDENT\Documents\ECE453Project\ALTIUM\MRTRUMAN\03 POWER.SchDoc with CAP_1210_100u_10V from schlib_truman.SchLib
Replace Part C24 CAP_0805_1u_100V in C:\Users\ECE_STUDENT\Documents\ECE453Project\ALTIUM\MRTRUMAN\03 POWER.SchDoc with CAP_0805_1u_100V from schlib_truman.SchLib
Replace Part C25 CAP_0805_22u_25V in C:\Users\ECE_STUDENT\Documents\ECE453Project\ALTIUM\MRTRUMAN\03 POWER.SchDoc with CAP_0805_22u_25V from schlib_truman.SchLib
Replace Part C26 CAP_0805_22n_100V in C:\Users\ECE_STUDENT\Documents\ECE453Project\ALTIUM\MRTRUMAN\03 POWER.SchDoc with CAP_0805_22n_100V from schlib_truman.SchLib
Replace Part C27 CAP_0805_.1u_250V in C:\Users\ECE_STUDENT\Documents\ECE453Project\ALTIUM\MRTRUMAN\03 POWER.SchDoc with CAP_0805_.1u_250V from schlib_truman.SchLib
Replace Part C28 CAP_1210_100u_10V in C:\Users\ECE_STUDENT\Documents\ECE453Project\ALTIUM\MRTRUMAN\03 POWER.SchDoc with CAP_1210_100u_10V from schlib_truman.SchLib
Replace Part D1 LED_RED_636nm in C:\Users\ECE_STUDENT\Documents\ECE453Project\ALTIUM\MRTRUMAN\03 POWER.SchDoc with LED_RED_636nm from schlib_truman.SchLib
Replace Part D2 LED_RED_636nm in C:\Users\ECE_STUDENT\Documents\ECE453Project\ALTIUM\MRTRUMAN\03 POWER.SchDoc with LED_RED_636nm from schlib_truman.SchLib
Replace Part D3 LED_RED_636nm in C:\Users\ECE_STUDENT\Documents\ECE453Project\ALTIUM\MRTRUMAN\03 POWER.SchDoc with LED_RED_636nm from schlib_truman.SchLib
Replace Part D4 LED_RED_636nm in C:\Users\ECE_STUDENT\Documents\ECE453Project\ALTIUM\MRTRUMAN\03 POWER.SchDoc with LED_RED_636nm from schlib_truman.SchLib
Replace Part DPWR1 Display_Power in C:\Users\ECE_STUDENT\Documents\ECE453Project\ALTIUM\MRTRUMAN\03 POWER.SchDoc with Display_Power from schlib_truman.SchLib
Replace Part PWR1 EJ503A in C:\Users\ECE_STUDENT\Documents\ECE453Project\ALTIUM\MRTRUMAN\03 POWER.SchDoc with EJ503A from schlib_truman.SchLib
Replace Part R1 RES_0805_1.74M in C:\Users\ECE_STUDENT\Documents\ECE453Project\ALTIUM\MRTRUMAN\03 POWER.SchDoc with RES_0805_1.74M from schlib_truman.SchLib
Replace Part R2 RES_0805_6.2K in C:\Users\ECE_STUDENT\Documents\ECE453Project\ALTIUM\MRTRUMAN\03 POWER.SchDoc with RES_0805_6.2K from schlib_truman.SchLib
Replace Part R3 RES_0805_1.43M in C:\Users\ECE_STUDENT\Documents\ECE453Project\ALTIUM\MRTRUMAN\03 POWER.SchDoc with RES_0805_1.43M from schlib_truman.SchLib
Replace Part R4 RES_0805_2K in C:\Users\ECE_STUDENT\Documents\ECE453Project\ALTIUM\MRTRUMAN\03 POWER.SchDoc with RES_0805_2K from schlib_truman.SchLib
Replace Part R5 RES_0805_23.2K in C:\Users\ECE_STUDENT\Documents\ECE453Project\ALTIUM\MRTRUMAN\03 POWER.SchDoc with RES_0805_23.2K from schlib_truman.SchLib
Replace Part R6 RES_0805_63.4K in C:\Users\ECE_STUDENT\Documents\ECE453Project\ALTIUM\MRTRUMAN\03 POWER.SchDoc with RES_0805_63.4K from schlib_truman.SchLib
Replace Part R7 RES_0805_226K in C:\Users\ECE_STUDENT\Documents\ECE453Project\ALTIUM\MRTRUMAN\03 POWER.SchDoc with RES_0805_226K from schlib_truman.SchLib
Replace Part R8 RES_0805_549K in C:\Users\ECE_STUDENT\Documents\ECE453Project\ALTIUM\MRTRUMAN\03 POWER.SchDoc with RES_0805_549K from schlib_truman.SchLib
Replace Part R9 RES_0805_11.8K in C:\Users\ECE_STUDENT\Documents\ECE453Project\ALTIUM\MRTRUMAN\03 POWER.SchDoc with RES_0805_11.8K from schlib_truman.SchLib
Replace Part R10 RES_0805_787 in C:\Users\ECE_STUDENT\Documents\ECE453Project\ALTIUM\MRTRUMAN\03 POWER.SchDoc with RES_0805_787 from schlib_truman.SchLib
Replace Part R11 RES_0805_787 in C:\Users\ECE_STUDENT\Documents\ECE453Project\ALTIUM\MRTRUMAN\03 POWER.SchDoc with RES_0805_787 from schlib_truman.SchLib
Replace Part R12 RES_0805_5.23K in C:\Users\ECE_STUDENT\Documents\ECE453Project\ALTIUM\MRTRUMAN\03 POWER.SchDoc with RES_0805_5.23K from schlib_truman.SchLib
Replace Part R13 RES_0805_1K in C:\Users\ECE_STUDENT\Documents\ECE453Project\ALTIUM\MRTRUMAN\03 POWER.SchDoc with RES_0805_1K from schlib_truman.SchLib
Replace Part R14 RES_0805_23.2K in C:\Users\ECE_STUDENT\Documents\ECE453Project\ALTIUM\MRTRUMAN\03 POWER.SchDoc with RES_0805_23.2K from schlib_truman.SchLib
Replace Part R15 RES_0805_100K in C:\Users\ECE_STUDENT\Documents\ECE453Project\ALTIUM\MRTRUMAN\03 POWER.SchDoc with RES_0805_100K from schlib_truman.SchLib
Replace Part R16 RES_0805_1.13M in C:\Users\ECE_STUDENT\Documents\ECE453Project\ALTIUM\MRTRUMAN\03 POWER.SchDoc with RES_0805_1.13M from schlib_truman.SchLib
Replace Part R17 RES_0805_11.8K in C:\Users\ECE_STUDENT\Documents\ECE453Project\ALTIUM\MRTRUMAN\03 POWER.SchDoc with RES_0805_11.8K from schlib_truman.SchLib
Replace Part R18 RES_0805_255K in C:\Users\ECE_STUDENT\Documents\ECE453Project\ALTIUM\MRTRUMAN\03 POWER.SchDoc with RES_0805_255K from schlib_truman.SchLib
Replace Part R19 RES_0805_887K in C:\Users\ECE_STUDENT\Documents\ECE453Project\ALTIUM\MRTRUMAN\03 POWER.SchDoc with RES_0805_887K from schlib_truman.SchLib
Replace Part R20 RES_0805_787 in C:\Users\ECE_STUDENT\Documents\ECE453Project\ALTIUM\MRTRUMAN\03 POWER.SchDoc with RES_0805_787 from schlib_truman.SchLib
Replace Part R21 RES_0805_1.74M in C:\Users\ECE_STUDENT\Documents\ECE453Project\ALTIUM\MRTRUMAN\03 POWER.SchDoc with RES_0805_1.74M from schlib_truman.SchLib
Replace Part R22 RES_0805_787 in C:\Users\ECE_STUDENT\Documents\ECE453Project\ALTIUM\MRTRUMAN\03 POWER.SchDoc with RES_0805_787 from schlib_truman.SchLib
Replace Part TP51 TP in C:\Users\ECE_STUDENT\Documents\ECE453Project\ALTIUM\MRTRUMAN\03 POWER.SchDoc with TP from schlib_truman.SchLib
Replace Part TP52 TP in C:\Users\ECE_STUDENT\Documents\ECE453Project\ALTIUM\MRTRUMAN\03 POWER.SchDoc with TP from schlib_truman.SchLib
Replace Part TP53 TP in C:\Users\ECE_STUDENT\Documents\ECE453Project\ALTIUM\MRTRUMAN\03 POWER.SchDoc with TP from schlib_truman.SchLib
Replace Part TP54 TP in C:\Users\ECE_STUDENT\Documents\ECE453Project\ALTIUM\MRTRUMAN\03 POWER.SchDoc with TP from schlib_truman.SchLib
Replace Part TP55 TP in C:\Users\ECE_STUDENT\Documents\ECE453Project\ALTIUM\MRTRUMAN\03 POWER.SchDoc with TP from schlib_truman.SchLib
Replace Part TP56 TP in C:\Users\ECE_STUDENT\Documents\ECE453Project\ALTIUM\MRTRUMAN\03 POWER.SchDoc with TP from schlib_truman.SchLib
Replace Part TP57 TP in C:\Users\ECE_STUDENT\Documents\ECE453Project\ALTIUM\MRTRUMAN\03 POWER.SchDoc with TP from schlib_truman.SchLib
Replace Part TP58 TP in C:\Users\ECE_STUDENT\Documents\ECE453Project\ALTIUM\MRTRUMAN\03 POWER.SchDoc with TP from schlib_truman.SchLib
Replace Part TP59 TP in C:\Users\ECE_STUDENT\Documents\ECE453Project\ALTIUM\MRTRUMAN\03 POWER.SchDoc with TP from schlib_truman.SchLib
Replace Part TP60 TP in C:\Users\ECE_STUDENT\Documents\ECE453Project\ALTIUM\MRTRUMAN\03 POWER.SchDoc with TP from schlib_truman.SchLib
Replace Part TP61 TP in C:\Users\ECE_STUDENT\Documents\ECE453Project\ALTIUM\MRTRUMAN\03 POWER.SchDoc with TP from schlib_truman.SchLib
Replace Part TP62 TP in C:\Users\ECE_STUDENT\Documents\ECE453Project\ALTIUM\MRTRUMAN\03 POWER.SchDoc with TP from schlib_truman.SchLib
Replace Part TP63 TP in C:\Users\ECE_STUDENT\Documents\ECE453Project\ALTIUM\MRTRUMAN\03 POWER.SchDoc with TP from schlib_truman.SchLib
Replace Part TP64 TP in C:\Users\ECE_STUDENT\Documents\ECE453Project\ALTIUM\MRTRUMAN\03 POWER.SchDoc with TP from schlib_truman.SchLib
Replace Part U3 LMZ12003 in C:\Users\ECE_STUDENT\Documents\ECE453Project\ALTIUM\MRTRUMAN\03 POWER.SchDoc with LMZ12003 from schlib_truman.SchLib
Replace Part U4 TPS3779BDBVR in C:\Users\ECE_STUDENT\Documents\ECE453Project\ALTIUM\MRTRUMAN\03 POWER.SchDoc with TPS3779BDBVR from schlib_truman.SchLib
Replace Part U5 LMZ12003 in C:\Users\ECE_STUDENT\Documents\ECE453Project\ALTIUM\MRTRUMAN\03 POWER.SchDoc with LMZ12003 from schlib_truman.SchLib
Replace Part U6 TPS3779BDBVR in C:\Users\ECE_STUDENT\Documents\ECE453Project\ALTIUM\MRTRUMAN\03 POWER.SchDoc with TPS3779BDBVR from schlib_truman.SchLib
