Change Component Designator: Old Designator=C27 New Designator=C?
Change Component Designator: Old Designator=C28 New Designator=C?
Change Component Designator: Old Designator=C29 New Designator=C?
Change Component Designator: Old Designator=C30 New Designator=C?
Change Component Designator: Old Designator=C31 New Designator=C?
Change Component Designator: Old Designator=C32 New Designator=C?
Change Component Designator: Old Designator=C33 New Designator=C?
Change Component Designator: Old Designator=C34 New Designator=C?
Change Component Designator: Old Designator=C35 New Designator=C?
Change Component Designator: Old Designator=FUSE3 New Designator=FUSE?
Change Component Designator: Old Designator=J3 New Designator=J?
Change Component Designator: Old Designator=J4 New Designator=J?
Change Component Designator: Old Designator=J5 New Designator=J?
Change Component Designator: Old Designator=R44 New Designator=R?
Change Component Designator: Old Designator=R45 New Designator=R?
Change Component Designator: Old Designator=R46 New Designator=R?
Change Component Designator: Old Designator=R47 New Designator=R?
Change Component Designator: Old Designator=R48 New Designator=R?
Change Component Designator: Old Designator=TP16 New Designator=TP?
Change Component Designator: Old Designator=TP17 New Designator=TP?
Change Component Designator: Old Designator=TP18 New Designator=TP?
Change Component Designator: Old Designator=TP19 New Designator=TP?
Change Component Designator: Old Designator=TP20 New Designator=TP?
Change Component Designator: Old Designator=TP21 New Designator=TP?
Change Component Designator: Old Designator=TP22 New Designator=TP?
Change Component Designator: Old Designator=TP23 New Designator=TP?
Change Component Designator: Old Designator=TP24 New Designator=TP?
Change Component Designator: Old Designator=TP25 New Designator=TP?
Change Component Designator: Old Designator=TP26 New Designator=TP?
Change Component Designator: Old Designator=TP27 New Designator=TP?
Change Component Designator: Old Designator=TP28 New Designator=TP?
Change Component Designator: Old Designator=TP29 New Designator=TP?
Change Component Designator: Old Designator=TP30 New Designator=TP?
Change Component Designator: Old Designator=TP31 New Designator=TP?
Change Component Designator: Old Designator=TP32 New Designator=TP?
Change Component Designator: Old Designator=TP33 New Designator=TP?
Change Component Designator: Old Designator=TP34 New Designator=TP?
Change Component Designator: Old Designator=TP35 New Designator=TP?
Change Component Designator: Old Designator=TP36 New Designator=TP?
Change Component Designator: Old Designator=TP37 New Designator=TP?
Change Component Designator: Old Designator=TP38 New Designator=TP?
Change Component Designator: Old Designator=TP39 New Designator=TP?
Change Component Designator: Old Designator=TP40 New Designator=TP?
Change Component Designator: Old Designator=TP41 New Designator=TP?
Change Component Designator: Old Designator=TP42 New Designator=TP?
Change Component Designator: Old Designator=TP43 New Designator=TP?
Change Component Designator: Old Designator=TP44 New Designator=TP?
Change Component Designator: Old Designator=TP45 New Designator=TP?
Change Component Designator: Old Designator=TP46 New Designator=TP?
Change Component Designator: Old Designator=TP47 New Designator=TP?
Change Component Designator: Old Designator=TP48 New Designator=TP?
Change Component Designator: Old Designator=TP49 New Designator=TP?
Change Component Designator: Old Designator=TP50 New Designator=TP?
Change Component Designator: Old Designator=TP51 New Designator=TP?
Change Component Designator: Old Designator=TP52 New Designator=TP?
Change Component Designator: Old Designator=TP53 New Designator=TP?
Change Component Designator: Old Designator=TP54 New Designator=TP?
Change Component Designator: Old Designator=TP55 New Designator=TP?
Change Component Designator: Old Designator=TP56 New Designator=TP?
Change Component Designator: Old Designator=TP57 New Designator=TP?
Change Component Designator: Old Designator=TP58 New Designator=TP?
Change Component Designator: Old Designator=TP59 New Designator=TP?
Change Component Designator: Old Designator=TP60 New Designator=TP?
Change Component Designator: Old Designator=TP61 New Designator=TP?
Change Component Designator: Old Designator=TP62 New Designator=TP?
Change Component Designator: Old Designator=TP63 New Designator=TP?
Change Component Designator: Old Designator=TP64 New Designator=TP?
Change Component Designator: Old Designator=TP65 New Designator=TP?
Change Component Designator: Old Designator=TP66 New Designator=TP?
Change Component Designator: Old Designator=TP67 New Designator=TP?
Change Component Designator: Old Designator=TP68 New Designator=TP?
Change Component Designator: Old Designator=TP69 New Designator=TP?
Change Component Designator: Old Designator=TP70 New Designator=TP?
Change Component Designator: Old Designator=U8 New Designator=U?
Change Component Designator: Old Designator=U9 New Designator=U?
