Replace Part C1 CAP_0805_.1u_250V in C:\Users\ECE_STUDENT\Documents\ECE453Project\ALTIUM\MRTRUMAN\04 DragonBoard_INTF.SchDoc with CAP_0805_.1u_250V from schlib_truman.SchLib
Replace Part C2 CAP_0805_.1u_250V in C:\Users\ECE_STUDENT\Documents\ECE453Project\ALTIUM\MRTRUMAN\04 DragonBoard_INTF.SchDoc with CAP_0805_.1u_250V from schlib_truman.SchLib
Replace Part C3 CAP_0805_10u_16V in C:\Users\ECE_STUDENT\Documents\ECE453Project\ALTIUM\MRTRUMAN\04 DragonBoard_INTF.SchDoc with CAP_0805_10u_16V from schlib_truman.SchLib
Replace Part C4 CAP_RAD_220u_25V in C:\Users\ECE_STUDENT\Documents\ECE453Project\ALTIUM\MRTRUMAN\04 DragonBoard_INTF.SchDoc with CAP_RAD_220u_25V from schlib_truman.SchLib
Replace Part C5 CAP_0805_.1u_250V in C:\Users\ECE_STUDENT\Documents\ECE453Project\ALTIUM\MRTRUMAN\04 DragonBoard_INTF.SchDoc with CAP_0805_.1u_250V from schlib_truman.SchLib
Replace Part C6 CAP_0805_.1u_250V in C:\Users\ECE_STUDENT\Documents\ECE453Project\ALTIUM\MRTRUMAN\04 DragonBoard_INTF.SchDoc with CAP_0805_.1u_250V from schlib_truman.SchLib
Replace Part C7 CAP_0805_10u_16V in C:\Users\ECE_STUDENT\Documents\ECE453Project\ALTIUM\MRTRUMAN\04 DragonBoard_INTF.SchDoc with CAP_0805_10u_16V from schlib_truman.SchLib
Replace Part FUSE1 FUSE_0805_1A_32VDC in C:\Users\ECE_STUDENT\Documents\ECE453Project\ALTIUM\MRTRUMAN\04 DragonBoard_INTF.SchDoc with FUSE_0805_1A_32VDC from schlib_truman.SchLib
Replace Part J1 DragonBoard_LOW_SPEED in C:\Users\ECE_STUDENT\Documents\ECE453Project\ALTIUM\MRTRUMAN\04 DragonBoard_INTF.SchDoc with DragonBoard_LOW_SPEED from schlib_truman.SchLib
Replace Part J2 DragonBoard_HIGH_SPEED in C:\Users\ECE_STUDENT\Documents\ECE453Project\ALTIUM\MRTRUMAN\04 DragonBoard_INTF.SchDoc with DragonBoard_HIGH_SPEED from schlib_truman.SchLib
Replace Part J3 DragonBoard_ANALOG in C:\Users\ECE_STUDENT\Documents\ECE453Project\ALTIUM\MRTRUMAN\04 DragonBoard_INTF.SchDoc with DragonBoard_ANALOG from schlib_truman.SchLib
Replace Part TP1 TP in C:\Users\ECE_STUDENT\Documents\ECE453Project\ALTIUM\MRTRUMAN\04 DragonBoard_INTF.SchDoc with TP from schlib_truman.SchLib
Replace Part TP2 TP in C:\Users\ECE_STUDENT\Documents\ECE453Project\ALTIUM\MRTRUMAN\04 DragonBoard_INTF.SchDoc with TP from schlib_truman.SchLib
Replace Part TP3 TP in C:\Users\ECE_STUDENT\Documents\ECE453Project\ALTIUM\MRTRUMAN\04 DragonBoard_INTF.SchDoc with TP from schlib_truman.SchLib
Replace Part TP4 TP in C:\Users\ECE_STUDENT\Documents\ECE453Project\ALTIUM\MRTRUMAN\04 DragonBoard_INTF.SchDoc with TP from schlib_truman.SchLib
Replace Part TP5 TP in C:\Users\ECE_STUDENT\Documents\ECE453Project\ALTIUM\MRTRUMAN\04 DragonBoard_INTF.SchDoc with TP from schlib_truman.SchLib
Replace Part TP6 TP in C:\Users\ECE_STUDENT\Documents\ECE453Project\ALTIUM\MRTRUMAN\04 DragonBoard_INTF.SchDoc with TP from schlib_truman.SchLib
Replace Part TP7 TP in C:\Users\ECE_STUDENT\Documents\ECE453Project\ALTIUM\MRTRUMAN\04 DragonBoard_INTF.SchDoc with TP from schlib_truman.SchLib
Replace Part TP8 TP in C:\Users\ECE_STUDENT\Documents\ECE453Project\ALTIUM\MRTRUMAN\04 DragonBoard_INTF.SchDoc with TP from schlib_truman.SchLib
Replace Part TP9 TP in C:\Users\ECE_STUDENT\Documents\ECE453Project\ALTIUM\MRTRUMAN\04 DragonBoard_INTF.SchDoc with TP from schlib_truman.SchLib
Replace Part TP10 TP in C:\Users\ECE_STUDENT\Documents\ECE453Project\ALTIUM\MRTRUMAN\04 DragonBoard_INTF.SchDoc with TP from schlib_truman.SchLib
Replace Part TP11 TP in C:\Users\ECE_STUDENT\Documents\ECE453Project\ALTIUM\MRTRUMAN\04 DragonBoard_INTF.SchDoc with TP from schlib_truman.SchLib
Replace Part TP12 TP in C:\Users\ECE_STUDENT\Documents\ECE453Project\ALTIUM\MRTRUMAN\04 DragonBoard_INTF.SchDoc with TP from schlib_truman.SchLib
Replace Part TP13 TP in C:\Users\ECE_STUDENT\Documents\ECE453Project\ALTIUM\MRTRUMAN\04 DragonBoard_INTF.SchDoc with TP from schlib_truman.SchLib
Replace Part TP14 TP in C:\Users\ECE_STUDENT\Documents\ECE453Project\ALTIUM\MRTRUMAN\04 DragonBoard_INTF.SchDoc with TP from schlib_truman.SchLib
Replace Part TP15 TP in C:\Users\ECE_STUDENT\Documents\ECE453Project\ALTIUM\MRTRUMAN\04 DragonBoard_INTF.SchDoc with TP from schlib_truman.SchLib
Replace Part TP16 TP in C:\Users\ECE_STUDENT\Documents\ECE453Project\ALTIUM\MRTRUMAN\04 DragonBoard_INTF.SchDoc with TP from schlib_truman.SchLib
Replace Part TP17 TP in C:\Users\ECE_STUDENT\Documents\ECE453Project\ALTIUM\MRTRUMAN\04 DragonBoard_INTF.SchDoc with TP from schlib_truman.SchLib
Replace Part TP18 TP in C:\Users\ECE_STUDENT\Documents\ECE453Project\ALTIUM\MRTRUMAN\04 DragonBoard_INTF.SchDoc with TP from schlib_truman.SchLib
Replace Part TP19 TP in C:\Users\ECE_STUDENT\Documents\ECE453Project\ALTIUM\MRTRUMAN\04 DragonBoard_INTF.SchDoc with TP from schlib_truman.SchLib
Replace Part TP20 TP in C:\Users\ECE_STUDENT\Documents\ECE453Project\ALTIUM\MRTRUMAN\04 DragonBoard_INTF.SchDoc with TP from schlib_truman.SchLib
Replace Part TP21 TP in C:\Users\ECE_STUDENT\Documents\ECE453Project\ALTIUM\MRTRUMAN\04 DragonBoard_INTF.SchDoc with TP from schlib_truman.SchLib
Replace Part TP22 TP in C:\Users\ECE_STUDENT\Documents\ECE453Project\ALTIUM\MRTRUMAN\04 DragonBoard_INTF.SchDoc with TP from schlib_truman.SchLib
Replace Part TP23 TP in C:\Users\ECE_STUDENT\Documents\ECE453Project\ALTIUM\MRTRUMAN\04 DragonBoard_INTF.SchDoc with TP from schlib_truman.SchLib
Replace Part TP24 TP in C:\Users\ECE_STUDENT\Documents\ECE453Project\ALTIUM\MRTRUMAN\04 DragonBoard_INTF.SchDoc with TP from schlib_truman.SchLib
Replace Part TP25 TP in C:\Users\ECE_STUDENT\Documents\ECE453Project\ALTIUM\MRTRUMAN\04 DragonBoard_INTF.SchDoc with TP from schlib_truman.SchLib
Replace Part TP26 TP in C:\Users\ECE_STUDENT\Documents\ECE453Project\ALTIUM\MRTRUMAN\04 DragonBoard_INTF.SchDoc with TP from schlib_truman.SchLib
Replace Part TP27 TP in C:\Users\ECE_STUDENT\Documents\ECE453Project\ALTIUM\MRTRUMAN\04 DragonBoard_INTF.SchDoc with TP from schlib_truman.SchLib
Replace Part TP28 TP in C:\Users\ECE_STUDENT\Documents\ECE453Project\ALTIUM\MRTRUMAN\04 DragonBoard_INTF.SchDoc with TP from schlib_truman.SchLib
Replace Part TP29 TP in C:\Users\ECE_STUDENT\Documents\ECE453Project\ALTIUM\MRTRUMAN\04 DragonBoard_INTF.SchDoc with TP from schlib_truman.SchLib
Replace Part TP30 TP in C:\Users\ECE_STUDENT\Documents\ECE453Project\ALTIUM\MRTRUMAN\04 DragonBoard_INTF.SchDoc with TP from schlib_truman.SchLib
Replace Part TP31 TP in C:\Users\ECE_STUDENT\Documents\ECE453Project\ALTIUM\MRTRUMAN\04 DragonBoard_INTF.SchDoc with TP from schlib_truman.SchLib
Replace Part TP32 TP in C:\Users\ECE_STUDENT\Documents\ECE453Project\ALTIUM\MRTRUMAN\04 DragonBoard_INTF.SchDoc with TP from schlib_truman.SchLib
Replace Part TP33 TP in C:\Users\ECE_STUDENT\Documents\ECE453Project\ALTIUM\MRTRUMAN\04 DragonBoard_INTF.SchDoc with TP from schlib_truman.SchLib
Replace Part TP34 TP in C:\Users\ECE_STUDENT\Documents\ECE453Project\ALTIUM\MRTRUMAN\04 DragonBoard_INTF.SchDoc with TP from schlib_truman.SchLib
Replace Part TP35 TP in C:\Users\ECE_STUDENT\Documents\ECE453Project\ALTIUM\MRTRUMAN\04 DragonBoard_INTF.SchDoc with TP from schlib_truman.SchLib
Replace Part TP36 TP in C:\Users\ECE_STUDENT\Documents\ECE453Project\ALTIUM\MRTRUMAN\04 DragonBoard_INTF.SchDoc with TP from schlib_truman.SchLib
Replace Part TP37 TP in C:\Users\ECE_STUDENT\Documents\ECE453Project\ALTIUM\MRTRUMAN\04 DragonBoard_INTF.SchDoc with TP from schlib_truman.SchLib
Replace Part TP38 TP in C:\Users\ECE_STUDENT\Documents\ECE453Project\ALTIUM\MRTRUMAN\04 DragonBoard_INTF.SchDoc with TP from schlib_truman.SchLib
Replace Part TP39 TP in C:\Users\ECE_STUDENT\Documents\ECE453Project\ALTIUM\MRTRUMAN\04 DragonBoard_INTF.SchDoc with TP from schlib_truman.SchLib
Replace Part TP40 TP in C:\Users\ECE_STUDENT\Documents\ECE453Project\ALTIUM\MRTRUMAN\04 DragonBoard_INTF.SchDoc with TP from schlib_truman.SchLib
Replace Part TP41 TP in C:\Users\ECE_STUDENT\Documents\ECE453Project\ALTIUM\MRTRUMAN\04 DragonBoard_INTF.SchDoc with TP from schlib_truman.SchLib
Replace Part TP42 TP in C:\Users\ECE_STUDENT\Documents\ECE453Project\ALTIUM\MRTRUMAN\04 DragonBoard_INTF.SchDoc with TP from schlib_truman.SchLib
Replace Part TP43 TP in C:\Users\ECE_STUDENT\Documents\ECE453Project\ALTIUM\MRTRUMAN\04 DragonBoard_INTF.SchDoc with TP from schlib_truman.SchLib
Replace Part TP44 TP in C:\Users\ECE_STUDENT\Documents\ECE453Project\ALTIUM\MRTRUMAN\04 DragonBoard_INTF.SchDoc with TP from schlib_truman.SchLib
Replace Part TP45 TP in C:\Users\ECE_STUDENT\Documents\ECE453Project\ALTIUM\MRTRUMAN\04 DragonBoard_INTF.SchDoc with TP from schlib_truman.SchLib
Replace Part TP46 TP in C:\Users\ECE_STUDENT\Documents\ECE453Project\ALTIUM\MRTRUMAN\04 DragonBoard_INTF.SchDoc with TP from schlib_truman.SchLib
Replace Part TP47 TP in C:\Users\ECE_STUDENT\Documents\ECE453Project\ALTIUM\MRTRUMAN\04 DragonBoard_INTF.SchDoc with TP from schlib_truman.SchLib
Replace Part TP48 TP in C:\Users\ECE_STUDENT\Documents\ECE453Project\ALTIUM\MRTRUMAN\04 DragonBoard_INTF.SchDoc with TP from schlib_truman.SchLib
Replace Part TP49 TP in C:\Users\ECE_STUDENT\Documents\ECE453Project\ALTIUM\MRTRUMAN\04 DragonBoard_INTF.SchDoc with TP from schlib_truman.SchLib
Replace Part TP50 TP in C:\Users\ECE_STUDENT\Documents\ECE453Project\ALTIUM\MRTRUMAN\04 DragonBoard_INTF.SchDoc with TP from schlib_truman.SchLib
Replace Part U1 TXS0108 in C:\Users\ECE_STUDENT\Documents\ECE453Project\ALTIUM\MRTRUMAN\04 DragonBoard_INTF.SchDoc with TXS0108 from schlib_truman.SchLib
Replace Part U2 TXS0108 in C:\Users\ECE_STUDENT\Documents\ECE453Project\ALTIUM\MRTRUMAN\04 DragonBoard_INTF.SchDoc with TXS0108 from schlib_truman.SchLib
