Replace Part AUX1 CP-3523MJCT-ND in C:\Users\ECE_STUDENT\Documents\ECE453Project\ALTIUM\MRTRUMAN\07 Audio.SchDoc with CP-3523MJCT-ND from schlib_truman.SchLib
Replace Part C35 CAP_0805_10u_16V in C:\Users\ECE_STUDENT\Documents\ECE453Project\ALTIUM\MRTRUMAN\07 Audio.SchDoc with CAP_0805_10u_16V from schlib_truman.SchLib
Replace Part C36 CAP_0805_.1u_250V in C:\Users\ECE_STUDENT\Documents\ECE453Project\ALTIUM\MRTRUMAN\07 Audio.SchDoc with CAP_0805_.1u_250V from schlib_truman.SchLib
Replace Part C37 CAP_0805_.1u_250V in C:\Users\ECE_STUDENT\Documents\ECE453Project\ALTIUM\MRTRUMAN\07 Audio.SchDoc with CAP_0805_.1u_250V from schlib_truman.SchLib
Replace Part C38 CAP_0805_.1u_250V in C:\Users\ECE_STUDENT\Documents\ECE453Project\ALTIUM\MRTRUMAN\07 Audio.SchDoc with CAP_0805_.1u_250V from schlib_truman.SchLib
Replace Part MIC1 SPU0410HR5H-PB in C:\Users\ECE_STUDENT\Documents\ECE453Project\ALTIUM\MRTRUMAN\07 Audio.SchDoc with SPU0410HR5H-PB from schlib_truman.SchLib
Replace Part R24 RES_0805_499 in C:\Users\ECE_STUDENT\Documents\ECE453Project\ALTIUM\MRTRUMAN\07 Audio.SchDoc with RES_0805_499 from schlib_truman.SchLib
Replace Part R25 RES_0805_1.2K in C:\Users\ECE_STUDENT\Documents\ECE453Project\ALTIUM\MRTRUMAN\07 Audio.SchDoc with RES_0805_1.2K from schlib_truman.SchLib
Replace Part R26 RES_0805_499 in C:\Users\ECE_STUDENT\Documents\ECE453Project\ALTIUM\MRTRUMAN\07 Audio.SchDoc with RES_0805_499 from schlib_truman.SchLib
Replace Part R27 RES_0805_JMP in C:\Users\ECE_STUDENT\Documents\ECE453Project\ALTIUM\MRTRUMAN\07 Audio.SchDoc with RES_0805_JMP from schlib_truman.SchLib
Replace Part R28 RES_0805_1.2K in C:\Users\ECE_STUDENT\Documents\ECE453Project\ALTIUM\MRTRUMAN\07 Audio.SchDoc with RES_0805_1.2K from schlib_truman.SchLib
Replace Part R29 RES_0805_11.8K in C:\Users\ECE_STUDENT\Documents\ECE453Project\ALTIUM\MRTRUMAN\07 Audio.SchDoc with RES_0805_11.8K from schlib_truman.SchLib
Replace Part R30 RES_0805_JMP in C:\Users\ECE_STUDENT\Documents\ECE453Project\ALTIUM\MRTRUMAN\07 Audio.SchDoc with RES_0805_JMP from schlib_truman.SchLib
Replace Part R31 RES_0805_JMP in C:\Users\ECE_STUDENT\Documents\ECE453Project\ALTIUM\MRTRUMAN\07 Audio.SchDoc with RES_0805_JMP from schlib_truman.SchLib
Replace Part R32 RES_0805_JMP in C:\Users\ECE_STUDENT\Documents\ECE453Project\ALTIUM\MRTRUMAN\07 Audio.SchDoc with RES_0805_JMP from schlib_truman.SchLib
Replace Part R33 RES_0805_JMP in C:\Users\ECE_STUDENT\Documents\ECE453Project\ALTIUM\MRTRUMAN\07 Audio.SchDoc with RES_0805_JMP from schlib_truman.SchLib
Replace Part SPKR1 CDS-27204-L100 in C:\Users\ECE_STUDENT\Documents\ECE453Project\ALTIUM\MRTRUMAN\07 Audio.SchDoc with CDS-27204-L100 from schlib_truman.SchLib
Replace Part SPKR2 CDS-27204-L100 in C:\Users\ECE_STUDENT\Documents\ECE453Project\ALTIUM\MRTRUMAN\07 Audio.SchDoc with CDS-27204-L100 from schlib_truman.SchLib
Replace Part TP73 TP in C:\Users\ECE_STUDENT\Documents\ECE453Project\ALTIUM\MRTRUMAN\07 Audio.SchDoc with TP from schlib_truman.SchLib
Replace Part TP74 TP in C:\Users\ECE_STUDENT\Documents\ECE453Project\ALTIUM\MRTRUMAN\07 Audio.SchDoc with TP from schlib_truman.SchLib
Replace Part TP75 TP in C:\Users\ECE_STUDENT\Documents\ECE453Project\ALTIUM\MRTRUMAN\07 Audio.SchDoc with TP from schlib_truman.SchLib
Replace Part TP76 TP in C:\Users\ECE_STUDENT\Documents\ECE453Project\ALTIUM\MRTRUMAN\07 Audio.SchDoc with TP from schlib_truman.SchLib
Replace Part TP77 TP in C:\Users\ECE_STUDENT\Documents\ECE453Project\ALTIUM\MRTRUMAN\07 Audio.SchDoc with TP from schlib_truman.SchLib
Replace Part TP78 TP in C:\Users\ECE_STUDENT\Documents\ECE453Project\ALTIUM\MRTRUMAN\07 Audio.SchDoc with TP from schlib_truman.SchLib
Replace Part TP79 TP in C:\Users\ECE_STUDENT\Documents\ECE453Project\ALTIUM\MRTRUMAN\07 Audio.SchDoc with TP from schlib_truman.SchLib
Replace Part TP80 TP in C:\Users\ECE_STUDENT\Documents\ECE453Project\ALTIUM\MRTRUMAN\07 Audio.SchDoc with TP from schlib_truman.SchLib
Replace Part TP81 TP in C:\Users\ECE_STUDENT\Documents\ECE453Project\ALTIUM\MRTRUMAN\07 Audio.SchDoc with TP from schlib_truman.SchLib
Replace Part TP82 TP in C:\Users\ECE_STUDENT\Documents\ECE453Project\ALTIUM\MRTRUMAN\07 Audio.SchDoc with TP from schlib_truman.SchLib
Replace Part TP83 TP in C:\Users\ECE_STUDENT\Documents\ECE453Project\ALTIUM\MRTRUMAN\07 Audio.SchDoc with TP from schlib_truman.SchLib
Replace Part U9 AD7684BRMZRL7CT-ND in C:\Users\ECE_STUDENT\Documents\ECE453Project\ALTIUM\MRTRUMAN\07 Audio.SchDoc with AD7684BRMZRL7CT-ND from schlib_truman.SchLib
Replace Part U10 AD8138ARZ-R7CT-ND in C:\Users\ECE_STUDENT\Documents\ECE453Project\ALTIUM\MRTRUMAN\07 Audio.SchDoc with AD8138ARZ-R7CT-ND from schlib_truman.SchLib
