Change Component Designator: Old Designator=AUX? New Designator=AUX6
Change Component Designator: Old Designator=C? New Designator=C42
Change Component Designator: Old Designator=C? New Designator=C43
Change Component Designator: Old Designator=C? New Designator=C44
Change Component Designator: Old Designator=C? New Designator=C45
Change Component Designator: Old Designator=C? New Designator=C46
Change Component Designator: Old Designator=MIC? New Designator=MIC6
Change Component Designator: Old Designator=R? New Designator=R58
Change Component Designator: Old Designator=R? New Designator=R59
Change Component Designator: Old Designator=R? New Designator=R60
Change Component Designator: Old Designator=R? New Designator=R61
Change Component Designator: Old Designator=R? New Designator=R62
Change Component Designator: Old Designator=R? New Designator=R63
Change Component Designator: Old Designator=R? New Designator=R64
Change Component Designator: Old Designator=R? New Designator=R65
Change Component Designator: Old Designator=R? New Designator=R66
Change Component Designator: Old Designator=R? New Designator=R67
Change Component Designator: Old Designator=R? New Designator=R68
Change Component Designator: Old Designator=R? New Designator=R69
Change Component Designator: Old Designator=R? New Designator=R70
Change Component Designator: Old Designator=R? New Designator=R71
Change Component Designator: Old Designator=R? New Designator=R72
Change Component Designator: Old Designator=R? New Designator=R73
Change Component Designator: Old Designator=SPKR? New Designator=SPKR6
Change Component Designator: Old Designator=SPKR? New Designator=SPKR7
Change Component Designator: Old Designator=TP? New Designator=TP73
Change Component Designator: Old Designator=TP? New Designator=TP74
Change Component Designator: Old Designator=TP? New Designator=TP75
Change Component Designator: Old Designator=TP? New Designator=TP76
Change Component Designator: Old Designator=TP? New Designator=TP77
Change Component Designator: Old Designator=TP? New Designator=TP78
Change Component Designator: Old Designator=TP? New Designator=TP79
Change Component Designator: Old Designator=TP? New Designator=TP80
Change Component Designator: Old Designator=TP? New Designator=TP81
Change Component Designator: Old Designator=TP? New Designator=TP82
Change Component Designator: Old Designator=TP? New Designator=TP83
Change Component Designator: Old Designator=TP? New Designator=TP84
Change Component Designator: Old Designator=U? New Designator=U12
Change Component Designator: Old Designator=U? New Designator=U13
