Change Component Designator: Old Designator=AUX6 New Designator=AUX?
Change Component Designator: Old Designator=C44 New Designator=C?
Change Component Designator: Old Designator=C45 New Designator=C?
Change Component Designator: Old Designator=C46 New Designator=C?
Change Component Designator: Old Designator=C47 New Designator=C?
Change Component Designator: Old Designator=MIC6 New Designator=MIC?
Change Component Designator: Old Designator=R25 New Designator=R?
Change Component Designator: Old Designator=R26 New Designator=R?
Change Component Designator: Old Designator=R27 New Designator=R?
Change Component Designator: Old Designator=R28 New Designator=R?
Change Component Designator: Old Designator=R29 New Designator=R?
Change Component Designator: Old Designator=R30 New Designator=R?
Change Component Designator: Old Designator=R31 New Designator=R?
Change Component Designator: Old Designator=R32 New Designator=R?
Change Component Designator: Old Designator=R33 New Designator=R?
Change Component Designator: Old Designator=R34 New Designator=R?
Change Component Designator: Old Designator=R35 New Designator=R?
Change Component Designator: Old Designator=R36 New Designator=R?
Change Component Designator: Old Designator=SPKR6 New Designator=SPKR?
Change Component Designator: Old Designator=SPKR7 New Designator=SPKR?
Change Component Designator: Old Designator=TP73 New Designator=TP?
Change Component Designator: Old Designator=TP74 New Designator=TP?
Change Component Designator: Old Designator=TP75 New Designator=TP?
Change Component Designator: Old Designator=TP76 New Designator=TP?
Change Component Designator: Old Designator=TP77 New Designator=TP?
Change Component Designator: Old Designator=TP78 New Designator=TP?
Change Component Designator: Old Designator=TP79 New Designator=TP?
Change Component Designator: Old Designator=TP80 New Designator=TP?
Change Component Designator: Old Designator=TP81 New Designator=TP?
Change Component Designator: Old Designator=TP82 New Designator=TP?
Change Component Designator: Old Designator=TP83 New Designator=TP?
Change Component Designator: Old Designator=U12 New Designator=U?
Change Component Designator: Old Designator=U13 New Designator=U?
