Change Component Designator: Old Designator=AUX6 New Designator=AUX?
Change Component Designator: Old Designator=C42 New Designator=C?
Change Component Designator: Old Designator=C43 New Designator=C?
Change Component Designator: Old Designator=C44 New Designator=C?
Change Component Designator: Old Designator=C45 New Designator=C?
Change Component Designator: Old Designator=C46 New Designator=C?
Change Component Designator: Old Designator=C47 New Designator=C?
Change Component Designator: Old Designator=MIC6 New Designator=MIC?
Change Component Designator: Old Designator=R60 New Designator=R?
Change Component Designator: Old Designator=R61 New Designator=R?
Change Component Designator: Old Designator=R62 New Designator=R?
Change Component Designator: Old Designator=R63 New Designator=R?
Change Component Designator: Old Designator=R64 New Designator=R?
Change Component Designator: Old Designator=R65 New Designator=R?
Change Component Designator: Old Designator=R66 New Designator=R?
Change Component Designator: Old Designator=R67 New Designator=R?
Change Component Designator: Old Designator=R68 New Designator=R?
Change Component Designator: Old Designator=R69 New Designator=R?
Change Component Designator: Old Designator=R70 New Designator=R?
Change Component Designator: Old Designator=R71 New Designator=R?
Change Component Designator: Old Designator=R72 New Designator=R?
Change Component Designator: Old Designator=R73 New Designator=R?
Change Component Designator: Old Designator=R74 New Designator=R?
Change Component Designator: Old Designator=R76 New Designator=R?
Change Component Designator: Old Designator=R77 New Designator=R?
Change Component Designator: Old Designator=R78 New Designator=R?
Change Component Designator: Old Designator=R79 New Designator=R?
Change Component Designator: Old Designator=SPKR6 New Designator=SPKR?
Change Component Designator: Old Designator=SPKR7 New Designator=SPKR?
Change Component Designator: Old Designator=TP75 New Designator=TP?
Change Component Designator: Old Designator=TP76 New Designator=TP?
Change Component Designator: Old Designator=TP77 New Designator=TP?
Change Component Designator: Old Designator=TP78 New Designator=TP?
Change Component Designator: Old Designator=TP80 New Designator=TP?
Change Component Designator: Old Designator=TP81 New Designator=TP?
Change Component Designator: Old Designator=TP83 New Designator=TP?
Change Component Designator: Old Designator=TP85 New Designator=TP?
Change Component Designator: Old Designator=TP86 New Designator=TP?
Change Component Designator: Old Designator=U12 New Designator=U?
Change Component Designator: Old Designator=U13 New Designator=U?
