Change Component Designator: Old Designator=AUX? New Designator=AUX6
Change Component Designator: Old Designator=C? New Designator=C42
Change Component Designator: Old Designator=C? New Designator=C43
Change Component Designator: Old Designator=C? New Designator=C44
Change Component Designator: Old Designator=C? New Designator=C45
Change Component Designator: Old Designator=C? New Designator=C46
Change Component Designator: Old Designator=C? New Designator=C47
Change Component Designator: Old Designator=MIC? New Designator=MIC6
Change Component Designator: Old Designator=R? New Designator=R68
Change Component Designator: Old Designator=R? New Designator=R69
Change Component Designator: Old Designator=R? New Designator=R70
Change Component Designator: Old Designator=R? New Designator=R71
Change Component Designator: Old Designator=R? New Designator=R72
Change Component Designator: Old Designator=R? New Designator=R73
Change Component Designator: Old Designator=R? New Designator=R74
Change Component Designator: Old Designator=R? New Designator=R75
Change Component Designator: Old Designator=R? New Designator=R76
Change Component Designator: Old Designator=R? New Designator=R77
Change Component Designator: Old Designator=R? New Designator=R78
Change Component Designator: Old Designator=R? New Designator=R79
Change Component Designator: Old Designator=R? New Designator=R80
Change Component Designator: Old Designator=R? New Designator=R81
Change Component Designator: Old Designator=R? New Designator=R82
Change Component Designator: Old Designator=R? New Designator=R83
Change Component Designator: Old Designator=R? New Designator=R84
Change Component Designator: Old Designator=R? New Designator=R85
Change Component Designator: Old Designator=R? New Designator=R86
Change Component Designator: Old Designator=R? New Designator=R87
Change Component Designator: Old Designator=SPKR? New Designator=SPKR6
Change Component Designator: Old Designator=SPKR? New Designator=SPKR7
Change Component Designator: Old Designator=TP? New Designator=TP53
Change Component Designator: Old Designator=TP? New Designator=TP54
Change Component Designator: Old Designator=TP? New Designator=TP55
Change Component Designator: Old Designator=TP? New Designator=TP56
Change Component Designator: Old Designator=TP? New Designator=TP57
Change Component Designator: Old Designator=TP? New Designator=TP58
Change Component Designator: Old Designator=TP? New Designator=TP59
Change Component Designator: Old Designator=TP? New Designator=TP60
Change Component Designator: Old Designator=TP? New Designator=TP61
Change Component Designator: Old Designator=TP? New Designator=TP62
Change Component Designator: Old Designator=U? New Designator=U12
Change Component Designator: Old Designator=U? New Designator=U13
