Change Component Designator: Old Designator=AUX1 New Designator=AUX?
Change Component Designator: Old Designator=C33 New Designator=C?
Change Component Designator: Old Designator=C34 New Designator=C?
Change Component Designator: Old Designator=C35 New Designator=C?
Change Component Designator: Old Designator=C36 New Designator=C?
Change Component Designator: Old Designator=MIC1 New Designator=MIC?
Change Component Designator: Old Designator=R24 New Designator=R?
Change Component Designator: Old Designator=R25 New Designator=R?
Change Component Designator: Old Designator=R26 New Designator=R?
Change Component Designator: Old Designator=R27 New Designator=R?
Change Component Designator: Old Designator=R28 New Designator=R?
Change Component Designator: Old Designator=R29 New Designator=R?
Change Component Designator: Old Designator=R30 New Designator=R?
Change Component Designator: Old Designator=R31 New Designator=R?
Change Component Designator: Old Designator=R32 New Designator=R?
Change Component Designator: Old Designator=R33 New Designator=R?
Change Component Designator: Old Designator=SPKR1 New Designator=SPKR?
Change Component Designator: Old Designator=SPKR2 New Designator=SPKR?
Change Component Designator: Old Designator=TP48 New Designator=TP?
Change Component Designator: Old Designator=TP49 New Designator=TP?
Change Component Designator: Old Designator=TP50 New Designator=TP?
Change Component Designator: Old Designator=TP51 New Designator=TP?
Change Component Designator: Old Designator=TP52 New Designator=TP?
Change Component Designator: Old Designator=TP53 New Designator=TP?
Change Component Designator: Old Designator=TP54 New Designator=TP?
Change Component Designator: Old Designator=TP55 New Designator=TP?
Change Component Designator: Old Designator=TP56 New Designator=TP?
Change Component Designator: Old Designator=TP57 New Designator=TP?
Change Component Designator: Old Designator=TP58 New Designator=TP?
Change Component Designator: Old Designator=U9 New Designator=U?
Change Component Designator: Old Designator=U10 New Designator=U?
