Change Component Designator: Old Designator=AUX1 New Designator=AUX?
Change Component Designator: Old Designator=C34 New Designator=C?
Change Component Designator: Old Designator=C35 New Designator=C?
Change Component Designator: Old Designator=C36 New Designator=C?
Change Component Designator: Old Designator=C37 New Designator=C?
Change Component Designator: Old Designator=MIC1 New Designator=MIC?
Change Component Designator: Old Designator=R24 New Designator=R?
Change Component Designator: Old Designator=R25 New Designator=R?
Change Component Designator: Old Designator=R26 New Designator=R?
Change Component Designator: Old Designator=R27 New Designator=R?
Change Component Designator: Old Designator=R28 New Designator=R?
Change Component Designator: Old Designator=R29 New Designator=R?
Change Component Designator: Old Designator=R30 New Designator=R?
Change Component Designator: Old Designator=R31 New Designator=R?
Change Component Designator: Old Designator=R32 New Designator=R?
Change Component Designator: Old Designator=R33 New Designator=R?
Change Component Designator: Old Designator=SPKR1 New Designator=SPKR?
Change Component Designator: Old Designator=SPKR2 New Designator=SPKR?
Change Component Designator: Old Designator=TP67 New Designator=TP?
Change Component Designator: Old Designator=TP68 New Designator=TP?
Change Component Designator: Old Designator=TP69 New Designator=TP?
Change Component Designator: Old Designator=TP70 New Designator=TP?
Change Component Designator: Old Designator=TP71 New Designator=TP?
Change Component Designator: Old Designator=TP72 New Designator=TP?
Change Component Designator: Old Designator=TP73 New Designator=TP?
Change Component Designator: Old Designator=TP74 New Designator=TP?
Change Component Designator: Old Designator=TP75 New Designator=TP?
Change Component Designator: Old Designator=TP76 New Designator=TP?
Change Component Designator: Old Designator=TP77 New Designator=TP?
Change Component Designator: Old Designator=U9 New Designator=U?
Change Component Designator: Old Designator=U10 New Designator=U?
