Change Component Designator: Old Designator=AUX? New Designator=AUX1
Change Component Designator: Old Designator=C? New Designator=C34
Change Component Designator: Old Designator=C? New Designator=C35
Change Component Designator: Old Designator=C? New Designator=C36
Change Component Designator: Old Designator=C? New Designator=C37
Change Component Designator: Old Designator=MIC? New Designator=MIC1
Change Component Designator: Old Designator=R? New Designator=R24
Change Component Designator: Old Designator=R? New Designator=R25
Change Component Designator: Old Designator=R? New Designator=R26
Change Component Designator: Old Designator=R? New Designator=R27
Change Component Designator: Old Designator=R? New Designator=R28
Change Component Designator: Old Designator=R? New Designator=R29
Change Component Designator: Old Designator=R? New Designator=R30
Change Component Designator: Old Designator=R? New Designator=R31
Change Component Designator: Old Designator=R? New Designator=R32
Change Component Designator: Old Designator=R? New Designator=R33
Change Component Designator: Old Designator=SPKR? New Designator=SPKR1
Change Component Designator: Old Designator=SPKR? New Designator=SPKR2
Change Component Designator: Old Designator=TP? New Designator=TP47
Change Component Designator: Old Designator=TP? New Designator=TP48
Change Component Designator: Old Designator=TP? New Designator=TP49
Change Component Designator: Old Designator=TP? New Designator=TP50
Change Component Designator: Old Designator=TP? New Designator=TP51
Change Component Designator: Old Designator=TP? New Designator=TP52
Change Component Designator: Old Designator=TP? New Designator=TP53
Change Component Designator: Old Designator=TP? New Designator=TP54
Change Component Designator: Old Designator=TP? New Designator=TP55
Change Component Designator: Old Designator=TP? New Designator=TP56
Change Component Designator: Old Designator=TP? New Designator=TP57
Change Component Designator: Old Designator=U? New Designator=U9
Change Component Designator: Old Designator=U? New Designator=U10
