Change Component Designator: OldDesignator=AUX1 NewDesignator=AUX6
Change Component Designator: OldDesignator=C1 NewDesignator=C31
Change Component Designator: OldDesignator=C2 NewDesignator=C32
Change Component Designator: OldDesignator=C3 NewDesignator=C33
Change Component Designator: OldDesignator=C4 NewDesignator=C34
Change Component Designator: OldDesignator=C5 NewDesignator=C35
Change Component Designator: OldDesignator=C6 NewDesignator=C36
Change Component Designator: OldDesignator=C7 NewDesignator=C37
Change Component Designator: OldDesignator=C8 NewDesignator=C10
Change Component Designator: OldDesignator=C9 NewDesignator=C11
Change Component Designator: OldDesignator=C10 NewDesignator=C12
Change Component Designator: OldDesignator=C11 NewDesignator=C13
Change Component Designator: OldDesignator=C12 NewDesignator=C14
Change Component Designator: OldDesignator=C13 NewDesignator=C15
Change Component Designator: OldDesignator=C14 NewDesignator=C16
Change Component Designator: OldDesignator=C15 NewDesignator=C17
Change Component Designator: OldDesignator=C16 NewDesignator=C18
Change Component Designator: OldDesignator=C17 NewDesignator=C19
Change Component Designator: OldDesignator=C18 NewDesignator=C20
Change Component Designator: OldDesignator=C19 NewDesignator=C21
Change Component Designator: OldDesignator=C20 NewDesignator=C22
Change Component Designator: OldDesignator=C21 NewDesignator=C23
Change Component Designator: OldDesignator=C22 NewDesignator=C24
Change Component Designator: OldDesignator=C23 NewDesignator=C25
Change Component Designator: OldDesignator=C24 NewDesignator=C26
Change Component Designator: OldDesignator=C25 NewDesignator=C27
Change Component Designator: OldDesignator=C26 NewDesignator=C28
Change Component Designator: OldDesignator=C27 NewDesignator=C29
Change Component Designator: OldDesignator=C28 NewDesignator=C30
Change Component Designator: OldDesignator=C29 NewDesignator=C42
Change Component Designator: OldDesignator=C30 NewDesignator=C43
Change Component Designator: OldDesignator=C31 NewDesignator=C38
Change Component Designator: OldDesignator=C32 NewDesignator=C39
Change Component Designator: OldDesignator=C33 NewDesignator=C40
Change Component Designator: OldDesignator=C34 NewDesignator=C41
Change Component Designator: OldDesignator=C35 NewDesignator=C44
Change Component Designator: OldDesignator=C36 NewDesignator=C45
Change Component Designator: OldDesignator=C37 NewDesignator=C46
Change Component Designator: OldDesignator=C38 NewDesignator=C47
Change Component Designator: OldDesignator=C39 NewDesignator=C1
Change Component Designator: OldDesignator=C40 NewDesignator=C2
Change Component Designator: OldDesignator=C41 NewDesignator=C3
Change Component Designator: OldDesignator=C42 NewDesignator=C4
Change Component Designator: OldDesignator=C43 NewDesignator=C5
Change Component Designator: OldDesignator=C44 NewDesignator=C6
Change Component Designator: OldDesignator=C45 NewDesignator=C7
Change Component Designator: OldDesignator=C46 NewDesignator=C8
Change Component Designator: OldDesignator=C47 NewDesignator=C9
Change Component Designator: OldDesignator=CAM1 NewDesignator=CAM7
Change Component Designator: OldDesignator=D1 NewDesignator=D2
Change Component Designator: OldDesignator=D2 NewDesignator=D3
Change Component Designator: OldDesignator=D3 NewDesignator=D4
Change Component Designator: OldDesignator=D4 NewDesignator=D5
Change Component Designator: OldDesignator=D5 NewDesignator=D8
Change Component Designator: OldDesignator=D6 NewDesignator=D9
Change Component Designator: OldDesignator=D7 NewDesignator=D10
Change Component Designator: OldDesignator=D8 NewDesignator=D11
Change Component Designator: OldDesignator=D9 NewDesignator=D12
Change Component Designator: OldDesignator=D10 NewDesignator=D13
Change Component Designator: OldDesignator=D11 NewDesignator=D14
Change Component Designator: OldDesignator=D12 NewDesignator=D15
Change Component Designator: OldDesignator=D13 NewDesignator=D16
Change Component Designator: OldDesignator=D14 NewDesignator=D17
Change Component Designator: OldDesignator=DPWR1 NewDesignator=DPWR2
Change Component Designator: OldDesignator=FAN1 NewDesignator=FAN4
Change Component Designator: OldDesignator=FUSE1 NewDesignator=FUSE3
Change Component Designator: OldDesignator=J1 NewDesignator=J3
Change Component Designator: OldDesignator=J2 NewDesignator=J4
Change Component Designator: OldDesignator=J3 NewDesignator=J5
Change Component Designator: OldDesignator=MIC1 NewDesignator=MIC6
Change Component Designator: OldDesignator=PWR1 NewDesignator=PWR2
Change Component Designator: OldDesignator=R1 NewDesignator=R2
Change Component Designator: OldDesignator=R2 NewDesignator=R3
Change Component Designator: OldDesignator=R3 NewDesignator=R4
Change Component Designator: OldDesignator=R4 NewDesignator=R5
Change Component Designator: OldDesignator=R5 NewDesignator=R6
Change Component Designator: OldDesignator=R6 NewDesignator=R7
Change Component Designator: OldDesignator=R7 NewDesignator=R8
Change Component Designator: OldDesignator=R8 NewDesignator=R9
Change Component Designator: OldDesignator=R9 NewDesignator=R10
Change Component Designator: OldDesignator=R10 NewDesignator=R11
Change Component Designator: OldDesignator=R11 NewDesignator=R12
Change Component Designator: OldDesignator=R12 NewDesignator=R13
Change Component Designator: OldDesignator=R13 NewDesignator=R14
Change Component Designator: OldDesignator=R14 NewDesignator=R15
Change Component Designator: OldDesignator=R15 NewDesignator=R16
Change Component Designator: OldDesignator=R16 NewDesignator=R17
Change Component Designator: OldDesignator=R17 NewDesignator=R18
Change Component Designator: OldDesignator=R18 NewDesignator=R19
Change Component Designator: OldDesignator=R19 NewDesignator=R20
Change Component Designator: OldDesignator=R20 NewDesignator=R21
Change Component Designator: OldDesignator=R21 NewDesignator=R22
Change Component Designator: OldDesignator=R22 NewDesignator=R23
Change Component Designator: OldDesignator=R23 NewDesignator=R24
Change Component Designator: OldDesignator=R24 NewDesignator=R25
Change Component Designator: OldDesignator=R25 NewDesignator=R26
Change Component Designator: OldDesignator=R26 NewDesignator=R27
Change Component Designator: OldDesignator=R27 NewDesignator=R28
Change Component Designator: OldDesignator=R28 NewDesignator=R29
Change Component Designator: OldDesignator=R29 NewDesignator=R30
Change Component Designator: OldDesignator=R30 NewDesignator=R31
Change Component Designator: OldDesignator=R31 NewDesignator=R32
Change Component Designator: OldDesignator=R32 NewDesignator=R33
Change Component Designator: OldDesignator=R33 NewDesignator=R34
Change Component Designator: OldDesignator=R34 NewDesignator=R35
Change Component Designator: OldDesignator=R35 NewDesignator=R36
Change Component Designator: OldDesignator=R36 NewDesignator=R37
Change Component Designator: OldDesignator=R37 NewDesignator=R38
Change Component Designator: OldDesignator=R38 NewDesignator=R39
Change Component Designator: OldDesignator=R39 NewDesignator=R40
Change Component Designator: OldDesignator=R40 NewDesignator=R41
Change Component Designator: OldDesignator=R41 NewDesignator=R42
Change Component Designator: OldDesignator=R42 NewDesignator=R43
Change Component Designator: OldDesignator=R43 NewDesignator=R44
Change Component Designator: OldDesignator=R44 NewDesignator=R45
Change Component Designator: OldDesignator=R45 NewDesignator=R46
Change Component Designator: OldDesignator=R46 NewDesignator=R47
Change Component Designator: OldDesignator=R47 NewDesignator=R48
Change Component Designator: OldDesignator=R48 NewDesignator=R49
Change Component Designator: OldDesignator=R49 NewDesignator=R50
Change Component Designator: OldDesignator=R50 NewDesignator=R51
Change Component Designator: OldDesignator=R51 NewDesignator=R52
Change Component Designator: OldDesignator=R52 NewDesignator=R53
Change Component Designator: OldDesignator=R53 NewDesignator=R54
Change Component Designator: OldDesignator=R54 NewDesignator=R55
Change Component Designator: OldDesignator=R55 NewDesignator=R56
Change Component Designator: OldDesignator=R56 NewDesignator=R57
Change Component Designator: OldDesignator=R57 NewDesignator=R58
Change Component Designator: OldDesignator=R58 NewDesignator=R59
Change Component Designator: OldDesignator=R59 NewDesignator=R60
Change Component Designator: OldDesignator=R60 NewDesignator=R61
Change Component Designator: OldDesignator=R61 NewDesignator=R62
Change Component Designator: OldDesignator=R62 NewDesignator=R63
Change Component Designator: OldDesignator=R63 NewDesignator=R64
Change Component Designator: OldDesignator=R64 NewDesignator=R65
Change Component Designator: OldDesignator=R65 NewDesignator=R66
Change Component Designator: OldDesignator=SERVO1 NewDesignator=SERVO4
Change Component Designator: OldDesignator=SPKR1 NewDesignator=SPKR6
Change Component Designator: OldDesignator=SPKR2 NewDesignator=SPKR7
Change Component Designator: OldDesignator=TP1 NewDesignator=TP16
Change Component Designator: OldDesignator=TP2 NewDesignator=TP17
Change Component Designator: OldDesignator=TP3 NewDesignator=TP18
Change Component Designator: OldDesignator=TP4 NewDesignator=TP19
Change Component Designator: OldDesignator=TP5 NewDesignator=TP20
Change Component Designator: OldDesignator=TP6 NewDesignator=TP21
Change Component Designator: OldDesignator=TP7 NewDesignator=TP22
Change Component Designator: OldDesignator=TP8 NewDesignator=TP23
Change Component Designator: OldDesignator=TP9 NewDesignator=TP24
Change Component Designator: OldDesignator=TP10 NewDesignator=TP25
Change Component Designator: OldDesignator=TP11 NewDesignator=TP26
Change Component Designator: OldDesignator=TP12 NewDesignator=TP27
Change Component Designator: OldDesignator=TP13 NewDesignator=TP28
Change Component Designator: OldDesignator=TP14 NewDesignator=TP29
Change Component Designator: OldDesignator=TP15 NewDesignator=TP30
Change Component Designator: OldDesignator=TP16 NewDesignator=TP31
Change Component Designator: OldDesignator=TP17 NewDesignator=TP32
Change Component Designator: OldDesignator=TP18 NewDesignator=TP33
Change Component Designator: OldDesignator=TP19 NewDesignator=TP34
Change Component Designator: OldDesignator=TP20 NewDesignator=TP35
Change Component Designator: OldDesignator=TP21 NewDesignator=TP36
Change Component Designator: OldDesignator=TP22 NewDesignator=TP37
Change Component Designator: OldDesignator=TP23 NewDesignator=TP38
Change Component Designator: OldDesignator=TP24 NewDesignator=TP39
Change Component Designator: OldDesignator=TP25 NewDesignator=TP40
Change Component Designator: OldDesignator=TP26 NewDesignator=TP41
Change Component Designator: OldDesignator=TP27 NewDesignator=TP42
Change Component Designator: OldDesignator=TP28 NewDesignator=TP43
Change Component Designator: OldDesignator=TP29 NewDesignator=TP44
Change Component Designator: OldDesignator=TP30 NewDesignator=TP45
Change Component Designator: OldDesignator=TP31 NewDesignator=TP46
Change Component Designator: OldDesignator=TP32 NewDesignator=TP47
Change Component Designator: OldDesignator=TP33 NewDesignator=TP48
Change Component Designator: OldDesignator=TP34 NewDesignator=TP49
Change Component Designator: OldDesignator=TP35 NewDesignator=TP50
Change Component Designator: OldDesignator=TP36 NewDesignator=TP51
Change Component Designator: OldDesignator=TP37 NewDesignator=TP52
Change Component Designator: OldDesignator=TP38 NewDesignator=TP53
Change Component Designator: OldDesignator=TP39 NewDesignator=TP54
Change Component Designator: OldDesignator=TP40 NewDesignator=TP55
Change Component Designator: OldDesignator=TP41 NewDesignator=TP56
Change Component Designator: OldDesignator=TP42 NewDesignator=TP57
Change Component Designator: OldDesignator=TP43 NewDesignator=TP58
Change Component Designator: OldDesignator=TP44 NewDesignator=TP59
Change Component Designator: OldDesignator=TP45 NewDesignator=TP60
Change Component Designator: OldDesignator=TP46 NewDesignator=TP61
Change Component Designator: OldDesignator=TP47 NewDesignator=TP62
Change Component Designator: OldDesignator=TP48 NewDesignator=TP63
Change Component Designator: OldDesignator=TP49 NewDesignator=TP64
Change Component Designator: OldDesignator=TP50 NewDesignator=TP65
Change Component Designator: OldDesignator=TP51 NewDesignator=TP66
Change Component Designator: OldDesignator=TP52 NewDesignator=TP67
Change Component Designator: OldDesignator=TP53 NewDesignator=TP68
Change Component Designator: OldDesignator=TP54 NewDesignator=TP69
Change Component Designator: OldDesignator=TP55 NewDesignator=TP70
Change Component Designator: OldDesignator=TP56 NewDesignator=TP2
Change Component Designator: OldDesignator=TP57 NewDesignator=TP3
Change Component Designator: OldDesignator=TP58 NewDesignator=TP4
Change Component Designator: OldDesignator=TP59 NewDesignator=TP5
Change Component Designator: OldDesignator=TP60 NewDesignator=TP6
Change Component Designator: OldDesignator=TP61 NewDesignator=TP7
Change Component Designator: OldDesignator=TP62 NewDesignator=TP8
Change Component Designator: OldDesignator=TP63 NewDesignator=TP9
Change Component Designator: OldDesignator=TP64 NewDesignator=TP10
Change Component Designator: OldDesignator=TP65 NewDesignator=TP11
Change Component Designator: OldDesignator=TP66 NewDesignator=TP12
Change Component Designator: OldDesignator=TP67 NewDesignator=TP13
Change Component Designator: OldDesignator=TP68 NewDesignator=TP14
Change Component Designator: OldDesignator=TP69 NewDesignator=TP15
Change Component Designator: OldDesignator=TP70 NewDesignator=TP71
Change Component Designator: OldDesignator=TP71 NewDesignator=TP72
Change Component Designator: OldDesignator=TP72 NewDesignator=TP73
Change Component Designator: OldDesignator=TP73 NewDesignator=TP74
Change Component Designator: OldDesignator=TP74 NewDesignator=TP75
Change Component Designator: OldDesignator=TP75 NewDesignator=TP76
Change Component Designator: OldDesignator=TP76 NewDesignator=TP77
Change Component Designator: OldDesignator=TP77 NewDesignator=TP78
Change Component Designator: OldDesignator=TP78 NewDesignator=TP79
Change Component Designator: OldDesignator=TP79 NewDesignator=TP80
Change Component Designator: OldDesignator=TP80 NewDesignator=TP81
Change Component Designator: OldDesignator=TP81 NewDesignator=TP82
Change Component Designator: OldDesignator=TP82 NewDesignator=TP83
Change Component Designator: OldDesignator=TP83 NewDesignator=TP84
Change Component Designator: OldDesignator=TP84 NewDesignator=TP85
Change Component Designator: OldDesignator=TP85 NewDesignator=TP86
Change Component Designator: OldDesignator=TP86 NewDesignator=TP87
Change Component Designator: OldDesignator=TP87 NewDesignator=TP88
Change Component Designator: OldDesignator=TP88 NewDesignator=TP89
Change Component Designator: OldDesignator=TP89 NewDesignator=TP90
Change Component Designator: OldDesignator=U1 NewDesignator=U8
Change Component Designator: OldDesignator=U2 NewDesignator=U9
Change Component Designator: OldDesignator=U3 NewDesignator=U4
Change Component Designator: OldDesignator=U4 NewDesignator=U5
Change Component Designator: OldDesignator=U5 NewDesignator=U6
Change Component Designator: OldDesignator=U6 NewDesignator=U7
Change Component Designator: OldDesignator=U7 NewDesignator=U11
Change Component Designator: OldDesignator=U8 NewDesignator=U10
Change Component Designator: OldDesignator=U9 NewDesignator=U12
Change Component Designator: OldDesignator=U10 NewDesignator=U13
Change Component Designator: OldDesignator=U11 NewDesignator=U1
Change Component Designator: OldDesignator=U12 NewDesignator=U2
Change Component Designator: OldDesignator=U13 NewDesignator=U3
Added Pin To Net: NetName=LED_CNTRL Pin=TP57-1
Added Pin To Net: NetName=LED_CNTRL Pin=U9-16
Change Net Name : Old Net Name=LED_CNTRL New Net Name=LED_CONTROL
Change Net Name : Old Net Name=NetR26_2 New Net Name=NetR27_2
Change Net Name : Old Net Name=NetR27_2 New Net Name=NetR28_2
